<?xml version="1.0" encoding="UTF-8"?>
<!-- Generated by org.testng.reporters.JUnitReportReporter -->
<testsuite hostname="Durag" failures="0" tests="1" name="com.w2a.testcases.Logintest" time="3.174" errors="0" timestamp="14 Jun 2024 00:26:57 GMT" skipped="0">
  <testcase classname="com.w2a.testcases.Logintest" name="loginasbank" time="3.174"/>
</testsuite> <!-- com.w2a.testcases.Logintest -->
