<?xml version="1.0" encoding="UTF-8"?>
<!-- Generated by org.testng.reporters.JUnitReportReporter -->
<testsuite hostname="Durag" failures="0" tests="3" name="com.w2a.testcases.Addcustomerclass" time="22.241" errors="0" timestamp="2024-06-28T17:41:09 IST" skipped="0">
  <testcase classname="com.w2a.testcases.Addcustomerclass" name="addcustomer" time="7.887"/>
  <system-out/>
  <testcase classname="com.w2a.testcases.Addcustomerclass" name="addcustomer" time="7.709"/>
  <system-out/>
  <testcase classname="com.w2a.testcases.Addcustomerclass" name="addcustomer" time="6.645"/>
  <system-out/>
</testsuite> <!-- com.w2a.testcases.Addcustomerclass -->
