<?xml version="1.0" encoding="UTF-8"?>
<!-- Generated by org.testng.reporters.JUnitReportReporter -->
<testsuite hostname="Durag" failures="0" tests="1" name="com.w2a.testcases.OpenAccountClass" time="7.847" errors="0" timestamp="2024-06-28T17:41:09 IST" skipped="0">
  <testcase classname="com.w2a.testcases.OpenAccountClass" name="openAccount" time="7.847"/>
  <system-out/>
</testsuite> <!-- com.w2a.testcases.OpenAccountClass -->
