<?xml version="1.0" encoding="UTF-8"?>
<!-- Generated by org.testng.reporters.JUnitReportReporter -->
<testsuite hostname="Durag" failures="0" tests="1" name="com.w2a.testcases.BankManagerLogintest" time="4.421" errors="0" timestamp="2024-06-28T17:41:09 IST" skipped="0">
  <testcase classname="com.w2a.testcases.BankManagerLogintest" name="bankmanagerlogintest" time="4.421"/>
  <system-out>
    <![CDATA[<br>verification failure : expected:<[abc]> but was:<[xyz]><br>
<a target="_blank"href=Fri_Jun_28_17_40_29_IST_2024.jpg><img src=Fri_Jun_28_17_40_29_IST_2024.jpg height=200 width=200></img></a>
<br>
<br>]]>
  </system-out>
</testsuite> <!-- com.w2a.testcases.BankManagerLogintest -->
